R version 4.2.2 (2022-10-31) -- "Innocent and Trusting"
Copyright (C) 2022 The R Foundation for Statistical Computing
Platform: x86_64-conda-linux-gnu (64-bit)

R is free software and comes with ABSOLUTELY NO WARRANTY.
You are welcome to redistribute it under the terms of the
GNU General Public License versions 2 or 3.
For more information about these matters see
https://www.gnu.org/licenses/.

Version of rnaseq_rscripts
89ba59018bdea8d8085331952c3195216b8b26aa
Version of toolBoxForMutantAndWTGenomes
c702f954fbb2736139639b16508edc2fbf987db6
The counts have been merged in /scratch/ldelisle/HoxBstudy/RNAseq//mergedTablesE//AllHTSeqCounts.txt.
Will subset the counts generated at the previous step.
The counts have been subset in /scratch/ldelisle/HoxBstudy/RNAseq//mergedTablesE//AllHTSeqCounts_subset.txt.
The FPKM have been merged in /scratch/ldelisle/HoxBstudy/RNAseq//mergedTablesE//AllCufflinks_Simplified.txt.
The FPKM have been subsetted in /scratch/ldelisle/HoxBstudy/RNAseq//mergedTablesE//AllCufflinks_Simplified_subset.txt.
Will normalize the FPKM generated at the previous step.
4222 lines removed.
The FPKM have been normalized in /scratch/ldelisle/HoxBstudy/RNAseq//mergedTablesE//AllCufflinks_Simplified_norm.txt.
The coefficients used to normalize are in /scratch/ldelisle/HoxBstudy/RNAseq//mergedTablesE//AllCufflinks_Simplified_coeffsUsedForNorm.txt.
